[    0.000000] Linux version 4.15.0-193-generic (buildd@lcy02-amd64-022) (gcc version 7.5.0 (Ubuntu 7.5.0-3ubuntu1~18.04)) #204-Ubuntu SMP Fri Aug 26 19:20:21 UTC 2022 (Ubuntu 4.15.0-193.204-generic 4.15.18)
[    0.000000] Command line: BOOT_IMAGE=/boot/vmlinuz-4.15.0-193-generic root=LABEL=cloudimg-rootfs ro console=tty1 console=ttyS0
[    0.000000] KERNEL supported cpus:
[    0.000000]   Intel GenuineIntel
[    0.000000]   AMD AuthenticAMD
[    0.000000]   Centaur CentaurHauls
[    0.000000] x86/fpu: Supporting XSAVE feature 0x001: 'x87 floating point registers'
[    0.000000] x86/fpu: Supporting XSAVE feature 0x002: 'SSE registers'
[    0.000000] x86/fpu: Supporting XSAVE feature 0x004: 'AVX registers'
[    0.000000] x86/fpu: xstate_offset[2]:  576, xstate_sizes[2]:  256
[    0.000000] x86/fpu: Enabled xstate features 0x7, context size is 832 bytes, using 'standard' format.
[    0.000000] e820: BIOS-provided physical RAM map:
[    0.000000] BIOS-e820: [mem 0x0000000000000000-0x000000000009fbff] usable
[    0.000000] BIOS-e820: [mem 0x000000000009fc00-0x000000000009ffff] reserved
[    0.000000] BIOS-e820: [mem 0x00000000000f0000-0x00000000000fffff] reserved
[    0.000000] BIOS-e820: [mem 0x0000000000100000-0x000000007ffeffff] usable
[    0.000000] BIOS-e820: [mem 0x000000007fff0000-0x000000007fffffff] ACPI data
[    0.000000] BIOS-e820: [mem 0x00000000fec00000-0x00000000fec00fff] reserved
[    0.000000] BIOS-e820: [mem 0x00000000fee00000-0x00000000fee00fff] reserved
[    0.000000] BIOS-e820: [mem 0x00000000fffc0000-0x00000000ffffffff] reserved
[    0.000000] NX (Execute Disable) protection: active
[    0.000000] SMBIOS 2.5 present.
[    0.000000] DMI: innotek GmbH VirtualBox/VirtualBox, BIOS VirtualBox 12/01/2006
[    0.000000] Hypervisor detected: KVM
[    0.000000] e820: last_pfn = 0x7fff0 max_arch_pfn = 0x400000000
[    0.000000] MTRR: Disabled
[    0.000000] x86/PAT: MTRRs disabled, skipping PAT initialization too.
[    0.000000] CPU MTRRs all blank - virtualized system.
[    0.000000] x86/PAT: Configuration [0-7]: WB  WT  UC- UC  WB  WT  UC- UC  
[    0.000000] found SMP MP-table at [mem 0x0009fff0-0x0009ffff]
[    0.000000] Scanning 1 areas for low memory corruption
[    0.000000] RAMDISK: [mem 0x359cb000-0x36cdcfff]
[    0.000000] ACPI: Early table checksum verification disabled
[    0.000000] ACPI: RSDP 0x00000000000E0000 000024 (v02 VBOX  )
[    0.000000] ACPI: XSDT 0x000000007FFF0030 00003C (v01 VBOX   VBOXXSDT 00000001 ASL  00000061)
[    0.000000] ACPI: FACP 0x000000007FFF00F0 0000F4 (v04 VBOX   VBOXFACP 00000001 ASL  00000061)
[    0.000000] ACPI: DSDT 0x000000007FFF0470 002325 (v02 VBOX   VBOXBIOS 00000002 INTL 20120111)
[    0.000000] ACPI: FACS 0x000000007FFF0200 000040
[    0.000000] ACPI: FACS 0x000000007FFF0200 000040
[    0.000000] ACPI: APIC 0x000000007FFF0240 00005C (v02 VBOX   VBOXAPIC 00000001 ASL  00000061)
[    0.000000] ACPI: SSDT 0x000000007FFF02A0 0001CC (v01 VBOX   VBOXCPUT 00000002 INTL 20120111)
[    0.000000] ACPI: Reserving FACP table memory at [mem 0x7fff00f0-0x7fff01e3]
[    0.000000] ACPI: Reserving DSDT table memory at [mem 0x7fff0470-0x7fff2794]
[    0.000000] ACPI: Reserving FACS table memory at [mem 0x7fff0200-0x7fff023f]
[    0.000000] ACPI: Reserving FACS table memory at [mem 0x7fff0200-0x7fff023f]
[    0.000000] ACPI: Reserving APIC table memory at [mem 0x7fff0240-0x7fff029b]
[    0.000000] ACPI: Reserving SSDT table memory at [mem 0x7fff02a0-0x7fff046b]
[    0.000000] No NUMA configuration found
[    0.000000] Faking a node at [mem 0x0000000000000000-0x000000007ffeffff]
[    0.000000] NODE_DATA(0) allocated [mem 0x7ffc5000-0x7ffeffff]
[    0.000000] kvm-clock: cpu 0, msr 0:7ff44001, primary cpu clock
[    0.000000] kvm-clock: Using msrs 4b564d01 and 4b564d00
[    0.000000] kvm-clock: using sched offset of 3861814525 cycles
[    0.000000] clocksource: kvm-clock: mask: 0xffffffffffffffff max_cycles: 0x1cd42e4dffb, max_idle_ns: 881590591483 ns
[    0.000000] Zone ranges:
[    0.000000]   DMA      [mem 0x0000000000001000-0x0000000000ffffff]
[    0.000000]   DMA32    [mem 0x0000000001000000-0x000000007ffeffff]
[    0.000000]   Normal   empty
[    0.000000]   Device   empty
[    0.000000] Movable zone start for each node
[    0.000000] Early memory node ranges
[    0.000000]   node   0: [mem 0x0000000000001000-0x000000000009efff]
[    0.000000]   node   0: [mem 0x0000000000100000-0x000000007ffeffff]
[    0.000000] Reserved but unavailable: 104 pages
[    0.000000] Initmem setup node 0 [mem 0x0000000000001000-0x000000007ffeffff]
[    0.000000] ACPI: PM-Timer IO Port: 0x4008
[    0.000000] IOAPIC[0]: apic_id 2, version 32, address 0xfec00000, GSI 0-23
[    0.000000] ACPI: INT_SRC_OVR (bus 0 bus_irq 0 global_irq 2 dfl dfl)
[    0.000000] ACPI: INT_SRC_OVR (bus 0 bus_irq 9 global_irq 9 low level)
[    0.000000] Using ACPI (MADT) for SMP configuration information
[    0.000000] smpboot: Allowing 2 CPUs, 0 hotplug CPUs
[    0.000000] PM: Registered nosave memory: [mem 0x00000000-0x00000fff]
[    0.000000] PM: Registered nosave memory: [mem 0x0009f000-0x0009ffff]
[    0.000000] PM: Registered nosave memory: [mem 0x000a0000-0x000effff]
[    0.000000] PM: Registered nosave memory: [mem 0x000f0000-0x000fffff]
[    0.000000] e820: [mem 0x80000000-0xfebfffff] available for PCI devices
[    0.000000] Booting paravirtualized kernel on KVM
[    0.000000] clocksource: refined-jiffies: mask: 0xffffffff max_cycles: 0xffffffff, max_idle_ns: 7645519600211568 ns
[    0.000000] random: get_random_bytes called from start_kernel+0x99/0x500 with crng_init=0
[    0.000000] setup_percpu: NR_CPUS:8192 nr_cpumask_bits:2 nr_cpu_ids:2 nr_node_ids:1
[    0.000000] percpu: Embedded 50 pages/cpu s167936 r8192 d28672 u1048576
[    0.000000] PV qspinlock hash table entries: 256 (order: 0, 4096 bytes)
[    0.000000] Built 1 zonelists, mobility grouping on.  Total pages: 515961
[    0.000000] Policy zone: DMA32
[    0.000000] Kernel command line: BOOT_IMAGE=/boot/vmlinuz-4.15.0-193-generic root=LABEL=cloudimg-rootfs ro console=tty1 console=ttyS0
[    0.000000] Memory: 2014840K/2096696K available (12300K kernel code, 2484K rwdata, 4324K rodata, 2468K init, 2724K bss, 81856K reserved, 0K cma-reserved)
[    0.000000] SLUB: HWalign=64, Order=0-3, MinObjects=0, CPUs=2, Nodes=1
[    0.000000] Kernel/User page tables isolation: enabled
[    0.000000] ftrace: allocating 39483 entries in 155 pages
[    0.004000] Hierarchical RCU implementation.
[    0.004000] 	RCU restricting CPUs from NR_CPUS=8192 to nr_cpu_ids=2.
[    0.004000] 	Tasks RCU enabled.
[    0.004000] RCU: Adjusting geometry for rcu_fanout_leaf=16, nr_cpu_ids=2
[    0.004000] NR_IRQS: 524544, nr_irqs: 440, preallocated irqs: 16
[    0.004000] Console: colour VGA+ 80x25
[    0.004000] console [tty1] enabled
[    0.004000] console [ttyS0] enabled
[    0.004000] ACPI: Core revision 20170831
[    0.004000] ACPI: 2 ACPI AML tables successfully acquired and loaded
[    0.004000] APIC: Switch to symmetric I/O mode setup
[    0.004000] x2apic enabled
[    0.004000] Switched APIC routing to physical x2apic.
[    0.004000] ..TIMER: vector=0x30 apic1=0 pin1=2 apic2=-1 pin2=-1
[    0.004006] tsc: Detected 1996.799 MHz processor
[    0.004989] Calibrating delay loop (skipped) preset value.. 3993.59 BogoMIPS (lpj=7987196)
[    0.008007] pid_max: default: 32768 minimum: 301
[    0.008947] Security Framework initialized
[    0.009747] Yama: becoming mindful.
[    0.010472] AppArmor: AppArmor initialized
[    0.013344] Dentry cache hash table entries: 262144 (order: 9, 2097152 bytes)
[    0.016046] Inode-cache hash table entries: 131072 (order: 8, 1048576 bytes)
[    0.017839] Mount-cache hash table entries: 4096 (order: 3, 32768 bytes)
[    0.020000] Mountpoint-cache hash table entries: 4096 (order: 3, 32768 bytes)
[    0.020304] Last level iTLB entries: 4KB 0, 2MB 0, 4MB 0
[    0.021431] Last level dTLB entries: 4KB 0, 2MB 0, 4MB 0, 1GB 0
[    0.024011] Spectre V1 : Mitigation: usercopy/swapgs barriers and __user pointer sanitization
[    0.025794] Spectre V2 : Mitigation: Retpolines
[    0.026706] Spectre V2 : Spectre v2 / SpectreRSB mitigation: Filling RSB on context switch
[    0.028004] Speculative Store Bypass: Vulnerable
[    0.029008] MDS: Mitigation: Clear CPU buffers
[    0.029904] MMIO Stale Data: Mitigation: Clear CPU buffers
[    0.031201] SRBDS: Unknown: Dependent on hypervisor status
[    0.032337] Freeing SMP alternatives memory: 36K
[    0.145143] smpboot: CPU0: Intel(R) Core(TM) i5-1038NG7 CPU @ 2.00GHz (family: 0x6, model: 0x7e, stepping: 0x5)
[    0.148000] Performance Events: unsupported p6 CPU model 126 no PMU driver, software events only.
[    0.148054] Hierarchical SRCU implementation.
[    0.152147] NMI watchdog: Perf event create on CPU 0 failed with -2
[    0.153577] NMI watchdog: Perf NMI watchdog permanently disabled
[    0.154954] smp: Bringing up secondary CPUs ...
[    0.156000] x86: Booting SMP configuration:
[    0.156005] .... node  #0, CPUs:      #1
[    0.004000] kvm-clock: cpu 1, msr 0:7ff44041, secondary cpu clock
[    0.160021] smp: Brought up 1 node, 2 CPUs
[    0.161437] smpboot: Max logical packages: 1
[    0.164015] smpboot: Total of 2 processors activated (7987.19 BogoMIPS)
[    0.165525] devtmpfs: initialized
[    0.165525] x86/mm: Memory block size: 128MB
[    0.168117] evm: security.selinux
[    0.168874] evm: security.SMACK64
[    0.169769] evm: security.SMACK64EXEC
[    0.170584] evm: security.SMACK64TRANSMUTE
[    0.171427] evm: security.SMACK64MMAP
[    0.172011] evm: security.apparmor
[    0.172722] evm: security.ima
[    0.173371] evm: security.capability
[    0.174192] clocksource: jiffies: mask: 0xffffffff max_cycles: 0xffffffff, max_idle_ns: 7645041785100000 ns
[    0.176008] futex hash table entries: 512 (order: 3, 32768 bytes)
[    0.177241] pinctrl core: initialized pinctrl subsystem
[    0.178420] RTC time: 19:13:04, date: 10/23/22
[    0.180060] NET: Registered protocol family 16
[    0.180965] audit: initializing netlink subsys (disabled)
[    0.182024] audit: type=2000 audit(1666552389.302:1): state=initialized audit_enabled=0 res=1
[    0.184025] cpuidle: using governor ladder
[    0.184967] cpuidle: using governor menu
[    0.186127] ACPI: bus type PCI registered
[    0.186983] acpiphp: ACPI Hot Plug PCI Controller Driver version: 0.5
[    0.188161] PCI: Using configuration type 1 for base access
[    0.192041] HugeTLB registered 2.00 MiB page size, pre-allocated 0 pages
[    0.193385] ACPI: Added _OSI(Module Device)
[    0.193385] ACPI: Added _OSI(Processor Device)
[    0.193744] ACPI: Added _OSI(3.0 _SCP Extensions)
[    0.196004] ACPI: Added _OSI(Processor Aggregator Device)
[    0.197017] ACPI: Added _OSI(Linux-Dell-Video)
[    0.198305] ACPI: Added _OSI(Linux-Lenovo-NV-HDMI-Audio)
[    0.200012] ACPI: Added _OSI(Linux-HPI-Hybrid-Graphics)
[    0.201888] ACPI: Executed 1 blocks of module-level executable AML code
[    0.206378] ACPI: Interpreter enabled
[    0.207196] ACPI: (supports S0 S5)
[    0.207899] ACPI: Using IOAPIC for interrupt routing
[    0.208219] PCI: Using host bridge windows from ACPI; if necessary, use "pci=nocrs" and report a bug
[    0.210292] ACPI: Enabled 2 GPEs in block 00 to 07
[    0.218552] ACPI: PCI Root Bridge [PCI0] (domain 0000 [bus 00-ff])
[    0.219935] acpi PNP0A03:00: _OSC: OS supports [ASPM ClockPM Segments MSI]
[    0.220417] acpi PNP0A03:00: _OSC: not requesting OS control; OS requires [ExtendedConfig ASPM ClockPM MSI]
[    0.222436] acpi PNP0A03:00: fail to add MMCONFIG information, can't access extended PCI configuration space under this bridge.
[    0.224480] PCI host bridge to bus 0000:00
[    0.225334] pci_bus 0000:00: root bus resource [io  0x0000-0x0cf7 window]
[    0.228004] pci_bus 0000:00: root bus resource [io  0x0d00-0xffff window]
[    0.229307] pci_bus 0000:00: root bus resource [mem 0x000a0000-0x000bffff window]
[    0.232004] pci_bus 0000:00: root bus resource [mem 0x80000000-0xfdffffff window]
[    0.233772] pci_bus 0000:00: root bus resource [bus 00-ff]
[    0.238578] pci 0000:00:01.1: legacy IDE quirk: reg 0x10: [io  0x01f0-0x01f7]
[    0.240000] pci 0000:00:01.1: legacy IDE quirk: reg 0x14: [io  0x03f6]
[    0.240009] pci 0000:00:01.1: legacy IDE quirk: reg 0x18: [io  0x0170-0x0177]
[    0.241388] pci 0000:00:01.1: legacy IDE quirk: reg 0x1c: [io  0x0376]
[    0.266486] pci 0000:00:07.0: quirk: [io  0x4000-0x403f] claimed by PIIX4 ACPI
[    0.268032] pci 0000:00:07.0: quirk: [io  0x4100-0x410f] claimed by PIIX4 SMB
[    0.287135] ACPI: PCI Interrupt Link [LNKA] (IRQs 5 9 10 *11)
[    0.288354] ACPI: PCI Interrupt Link [LNKB] (IRQs 5 9 *10 11)
[    0.289672] ACPI: PCI Interrupt Link [LNKC] (IRQs 5 *9 10 11)
[    0.292138] ACPI: PCI Interrupt Link [LNKD] (IRQs 5 9 10 *11)
[    0.293654] SCSI subsystem initialized
[    0.294683] pci 0000:00:02.0: vgaarb: setting as boot VGA device
[    0.294683] pci 0000:00:02.0: vgaarb: VGA device added: decodes=io+mem,owns=io+mem,locks=none
[    0.296030] pci 0000:00:02.0: vgaarb: bridge control possible
[    0.300075] vgaarb: loaded
[    0.300935] ACPI: bus type USB registered
[    0.301931] usbcore: registered new interface driver usbfs
[    0.303084] usbcore: registered new interface driver hub
[    0.304023] usbcore: registered new device driver usb
[    0.305195] EDAC MC: Ver: 3.0.0
[    0.305195] PCI: Using ACPI for IRQ routing
[    0.308320] NetLabel: Initializing
[    0.309037] NetLabel:  domain hash size = 128
[    0.310072] NetLabel:  protocols = UNLABELED CIPSOv4 CALIPSO
[    0.311257] NetLabel:  unlabeled traffic allowed by default
[    0.312162] clocksource: Switched to clocksource kvm-clock
[    0.327325] VFS: Disk quotas dquot_6.6.0
[    0.328625] VFS: Dquot-cache hash table entries: 512 (order 0, 4096 bytes)
[    0.330412] AppArmor: AppArmor Filesystem Enabled
[    0.331967] pnp: PnP ACPI init
[    0.334318] pnp: PnP ACPI: found 3 devices
[    0.343836] clocksource: acpi_pm: mask: 0xffffff max_cycles: 0xffffff, max_idle_ns: 2085701024 ns
[    0.346988] NET: Registered protocol family 2
[    0.348300] IP idents hash table entries: 32768 (order: 6, 262144 bytes)
[    0.350509] TCP established hash table entries: 16384 (order: 5, 131072 bytes)
[    0.353072] TCP bind hash table entries: 16384 (order: 6, 262144 bytes)
[    0.355680] TCP: Hash tables configured (established 16384 bind 16384)
[    0.357124] UDP hash table entries: 1024 (order: 3, 32768 bytes)
[    0.358392] UDP-Lite hash table entries: 1024 (order: 3, 32768 bytes)
[    0.359777] NET: Registered protocol family 1
[    0.360793] pci 0000:00:00.0: Limiting direct PCI/PCI transfers
[    0.361956] pci 0000:00:01.0: Activating ISA DMA hang workarounds
[    0.363154] pci 0000:00:02.0: Video device with shadowed ROM at [mem 0x000c0000-0x000dffff]
[    0.365083] Unpacking initramfs...
[    0.663245] Freeing initrd memory: 19528K
[    0.665186] clocksource: tsc: mask: 0xffffffffffffffff max_cycles: 0x3990bc5adef, max_idle_ns: 881590438240 ns
[    0.669291] platform rtc_cmos: registered platform RTC device (no PNP device found)
[    0.670925] Scanning for low memory corruption every 60 seconds
[    0.672757] Initialise system trusted keyrings
[    0.673729] Key type blacklist registered
[    0.674939] workingset: timestamp_bits=36 max_order=19 bucket_order=0
[    0.678314] zbud: loaded
[    0.679383] squashfs: version 4.0 (2009/01/31) Phillip Lougher
[    0.680720] fuse init (API version 7.26)
[    0.683063] Key type asymmetric registered
[    0.684573] Asymmetric key parser 'x509' registered
[    0.686634] Block layer SCSI generic (bsg) driver version 0.4 loaded (major 246)
[    0.688437] io scheduler noop registered
[    0.689283] io scheduler deadline registered
[    0.690292] io scheduler cfq registered (default)
[    0.692190] ACPI: AC Adapter [AC] (on-line)
[    0.694135] input: Power Button as /devices/LNXSYSTM:00/LNXPWRBN:00/input/input0
[    0.695955] ACPI: Power Button [PWRF]
[    0.697156] input: Sleep Button as /devices/LNXSYSTM:00/LNXSLPBN:00/input/input1
[    0.698998] ACPI: Sleep Button [SLPF]
[    0.702717] ACPI: Battery Slot [BAT0] (battery present)
[    0.704394] Serial: 8250/16550 driver, 32 ports, IRQ sharing enabled
[    0.727322] 00:02: ttyS0 at I/O 0x3f8 (irq = 4, base_baud = 115200) is a 16550A
[    0.731122] Linux agpgart interface v0.103
[    0.733444] loop: module loaded
[    0.734822] scsi host0: ata_piix
[    0.735696] scsi host1: ata_piix
[    0.736635] ata1: PATA max UDMA/33 cmd 0x1f0 ctl 0x3f6 bmdma 0xd000 irq 14
[    0.738053] ata2: PATA max UDMA/33 cmd 0x170 ctl 0x376 bmdma 0xd008 irq 15
[    0.739626] tun: Universal TUN/TAP device driver, 1.6
[    0.741005] PPP generic driver version 2.4.2
[    0.742089] ehci_hcd: USB 2.0 'Enhanced' Host Controller (EHCI) Driver
[    0.743579] ehci-pci: EHCI PCI platform driver
[    0.744526] ehci-platform: EHCI generic platform driver
[    0.745627] ohci_hcd: USB 1.1 'Open' Host Controller (OHCI) Driver
[    0.747028] ohci-pci: OHCI PCI platform driver
[    0.747898] ohci-platform: OHCI generic platform driver
[    0.749314] uhci_hcd: USB Universal Host Controller Interface driver
[    0.750690] i8042: PNP: PS/2 Controller [PNP0303:PS2K,PNP0f03:PS2M] at 0x60,0x64 irq 1,12
[    0.753123] serio: i8042 KBD port at 0x60,0x64 irq 1
[    0.754252] serio: i8042 AUX port at 0x60,0x64 irq 12
[    0.755726] mousedev: PS/2 mouse device common for all mice
[    0.757976] input: AT Translated Set 2 keyboard as /devices/platform/i8042/serio0/input/input2
[    0.759852] rtc_cmos rtc_cmos: rtc core: registered rtc_cmos as rtc0
[    0.761238] rtc_cmos rtc_cmos: alarms up to one day, 114 bytes nvram
[    0.762540] i2c /dev entries driver
[    0.763283] device-mapper: uevent: version 1.0.3
[    0.764336] device-mapper: ioctl: 4.37.0-ioctl (2017-09-20) initialised: dm-devel@redhat.com
[    0.766085] ledtrig-cpu: registered to indicate activity on CPUs
[    0.767950] NET: Registered protocol family 10
[    0.772181] Segment Routing with IPv6
[    0.772982] NET: Registered protocol family 17
[    0.773941] Key type dns_resolver registered
[    0.774973] mce: Using 0 MCE banks
[    0.775666] RAS: Correctable Errors collector initialized.
[    0.776829] sched_clock: Marking stable (776805569, 0)->(968161421, -191355852)
[    0.778595] registered taskstats version 1
[    0.779456] Loading compiled-in X.509 certificates
[    0.783064] Loaded X.509 cert 'Build time autogenerated kernel key: b9e621348ccbcfe28d0c51e4c3b595dc856bdd44'
[    0.785954] Loaded X.509 cert 'Canonical Ltd. Live Patch Signing: 14df34d1a87cf37625abec039ef2bf521249b969'
[    0.788559] Loaded X.509 cert 'Canonical Ltd. Kernel Module Signing: 88f752e560a1e0737e31163a466ad7b70a850c19'
[    0.790570] blacklist: Loading compiled-in revocation X.509 certificates
[    0.791862] Loaded X.509 cert 'Canonical Ltd. Secure Boot Signing: 61482aa2830d0ab2ad5af10b7250da9033ddcef0'
[    0.794108] zswap: loaded using pool lzo/zbud
[    0.797899] Key type big_key registered
[    0.798761] Key type trusted registered
[    0.801646] Key type encrypted registered
[    0.802492] AppArmor: AppArmor sha1 policy hashing enabled
[    0.803667] ima: No TPM chip found, activating TPM-bypass! (rc=-19)
[    0.805154] ima: Allocated hash algorithm: sha1
[    0.806153] evm: HMAC attrs: 0x1
[    0.807193]   Magic number: 10:936:243
[    0.808162] rtc_cmos rtc_cmos: setting system clock to 2022-10-23 19:13:04 UTC (1666552384)
[    0.810086] BIOS EDD facility v0.16 2004-Jun-25, 0 devices found
[    0.811568] EDD information not available.
[    0.923343] Freeing unused kernel image memory: 2468K
[    0.932848] Write protecting the kernel read-only data: 20480k
[    0.935954] Freeing unused kernel image memory: 2008K
[    0.937895] Freeing unused kernel image memory: 1820K
[    0.943116] x86/mm: Checked W+X mappings: passed, no W+X pages found.
[    0.944526] x86/mm: Checking user space page tables
[    0.949738] x86/mm: Checked W+X mappings: passed, no W+X pages found.
Loading, please wait...
starting version 237
[    1.008782] e1000: Intel(R) PRO/1000 Network Driver - version 7.3.21-k8-NAPI
[    1.011541] e1000: Copyright (c) 1999-2006 Intel Corporation.
[    1.019873] Fusion MPT base driver 3.04.20
[    1.021270] Copyright (c) 1999-2008 LSI Corporation
[    1.030044] Fusion MPT SPI Host driver 3.04.20
[    1.042978] AVX2 version of gcm_enc/dec engaged.
[    1.044509] AES CTR mode by8 optimization enabled
[    1.262067] input: ImExPS/2 Generic Explorer Mouse as /devices/platform/i8042/serio1/input/input4
[    1.719138] e1000 0000:00:03.0 eth0: (PCI:33MHz:32-bit) 02:12:a5:46:f1:8c
[    1.721946] e1000 0000:00:03.0 eth0: Intel(R) PRO/1000 Network Connection
[    1.724795] mptbase: ioc0: Initiating bringup
[    3.049484] ioc0: LSI53C1030 A0: Capabilities={Initiator}
[    6.214567] scsi host2: ioc0: LSI53C1030 A0, FwRev=00000000h, Ports=1, MaxQ=256, IRQ=20
[    7.916001] scsi 2:0:0:0: Direct-Access     VBOX     HARDDISK         1.0  PQ: 0 ANSI: 5
[    8.148213] scsi target2:0:0: Beginning Domain Validation
[    8.162337] scsi target2:0:0: Domain Validation skipping write tests
[    8.164688] scsi target2:0:0: Ending Domain Validation
[    8.166154] scsi target2:0:0: asynchronous
[    8.167734] scsi 2:0:1:0: Direct-Access     VBOX     HARDDISK         1.0  PQ: 0 ANSI: 5
[    8.484750] scsi target2:0:1: Beginning Domain Validation
[    8.489353] random: fast init done
[    8.491018] scsi target2:0:1: Domain Validation skipping write tests
[    8.492368] scsi target2:0:1: Ending Domain Validation
[    8.493893] scsi target2:0:1: asynchronous
[    8.498034] random: systemd-udevd: uninitialized urandom read (16 bytes read)
[    8.498071] sd 2:0:0:0: Attached scsi generic sg0 type 0
[    8.500272] random: systemd-udevd: uninitialized urandom read (16 bytes read)
[    8.501919] sd 2:0:1:0: Attached scsi generic sg1 type 0
[    8.503330] random: systemd-udevd: uninitialized urandom read (16 bytes read)
[    8.506425] sd 2:0:0:0: [sda] 83886080 512-byte logical blocks: (42.9 GB/40.0 GiB)
[    8.508049] sd 2:0:1:0: [sdb] 20480 512-byte logical blocks: (10.5 MB/10.0 MiB)
[    8.509537] sd 2:0:0:0: [sda] Write Protect is off
[    8.511012] sd 2:0:1:0: [sdb] Write Protect is off
[    8.512148] sd 2:0:0:0: [sda] Incomplete mode parameter data
[    8.513281] sd 2:0:0:0: [sda] Assuming drive cache: write through
[    8.514490] sd 2:0:1:0: [sdb] Incomplete mode parameter data
[    8.515692] sd 2:0:1:0: [sdb] Assuming drive cache: write through
[    8.518296]  sda: sda1
[    8.520201] sd 2:0:0:0: [sda] Attached SCSI disk
[    8.521356] sd 2:0:1:0: [sdb] Attached SCSI disk
[    8.530346] e1000 0000:00:08.0 eth1: (PCI:33MHz:32-bit) 08:00:27:b7:34:17
[    8.531786] e1000 0000:00:08.0 eth1: Intel(R) PRO/1000 Network Connection
[    8.535169] e1000 0000:00:08.0 enp0s8: renamed from eth1
[    8.550131] e1000 0000:00:03.0 enp0s3: renamed from eth0
Begin: Loading essential drivers ... [   10.000154] raid6: sse2x1   gen() 12893 MB/s
[   10.048154] raid6: sse2x1   xor()  7906 MB/s
[   10.096145] raid6: sse2x2   gen() 16396 MB/s
[   10.144121] raid6: sse2x2   xor() 10922 MB/s
[   10.192111] raid6: sse2x4   gen() 16606 MB/s
[   10.240084] raid6: sse2x4   xor()  9604 MB/s
[   10.288111] raid6: avx2x1   gen() 24266 MB/s
[   10.336046] raid6: avx2x1   xor() 15237 MB/s
[   10.384078] raid6: avx2x2   gen() 31040 MB/s
[   10.432053] raid6: avx2x2   xor() 20882 MB/s
[   10.480039] raid6: avx2x4   gen() 30980 MB/s
[   10.528041] raid6: avx2x4   xor() 17845 MB/s
[   10.529597] raid6: using algorithm avx2x2 gen() 31040 MB/s
[   10.531526] raid6: .... xor() 20882 MB/s, rmw enabled
[   10.533073] raid6: using avx2x2 recovery algorithm
[   10.535127] xor: automatically using best checksumming function   avx       
[   10.538040] async_tx: api initialized (async)
done.
Begin: Running /scripts/init-premount ... done.
Begin: Mounting root file system ... Begin: Running /scripts/local-top ... done.
Begin: Running /scripts/local-premount ... [   10.584457] Btrfs loaded, crc32c=crc32c-intel
Scanning for Btrfs filesystems
done.
Warning: fsck not present, so skipping root file system
[   10.609378] EXT4-fs (sda1): mounted filesystem with ordered data mode. Opts: (null)
done.
Begin: Running /scripts/local-bottom ... done.
Begin: Running /scripts/init-bottom ... done.
[   10.725749] ip_tables: (C) 2000-2006 Netfilter Core Team
[   10.731834] systemd[1]: systemd 237 running in system mode. (+PAM +AUDIT +SELINUX +IMA +APPARMOR +SMACK +SYSVINIT +UTMP +LIBCRYPTSETUP +GCRYPT +GNUTLS +ACL +XZ +LZ4 +SECCOMP +BLKID +ELFUTILS +KMOD -IDN2 +IDN -PCRE2 default-hierarchy=hybrid)
[   10.736601] systemd[1]: Detected virtualization oracle.
[   10.737663] systemd[1]: Detected architecture x86-64.

Welcome to [1mUbuntu 18.04.6 LTS[0m!

[   10.742886] systemd[1]: Set hostname to <ubuntu>.
[   10.744949] systemd[1]: Initializing machine ID from random generator.
[   10.746230] systemd[1]: Installed transient /etc/machine-id file.
[   10.936186] systemd[1]: Created slice User and Session Slice.
[[0;32m  OK  [0m] Created slice User and Session Slice.
[   10.938400] systemd[1]: Set up automount Arbitrary Executable File Formats File System Automount Point.
[[0;32m  OK  [0m] Set up automount Arbitrary Executab…rmats File System Automount Point.
[   10.941518] systemd[1]: Reached target System Time Synchronized.
[[0;32m  OK  [0m] Reached target System Time Synchronized.
[   10.943435] systemd[1]: Reached target User and Group Name Lookups.
[[0;32m  OK  [0m] Reached target User and Group Name Lookups.
[[0;32m  OK  [0m] Reached target Swap.
[[0;32m  OK  [0m] Created slice System Slice.
[[0;32m  OK  [0m] Listening on udev Control Socket.
[[0;32m  OK  [0m] Listening on Journal Audit Socket.
[[0;32m  OK  [0m] Listening on Device-mapper event daemon FIFOs.
[[0;32m  OK  [0m] Listening on Network Service Netlink Socket.
[[0;32m  OK  [0m] Listening on Syslog Socket.
[[0;32m  OK  [0m] Listening on /dev/initctl Compatibility Named Pipe.
[[0;32m  OK  [0m] Reached target Slices.
[[0;32m  OK  [0m] Listening on udev Kernel Socket.
[[0;32m  OK  [0m] Listening on LVM2 poll daemon socket.
[[0;32m  OK  [0m] Listening on LVM2 metadata daemon socket.
[[0;32m  OK  [0m] Created slice system-serial\x2dgetty.slice.
[[0;32m  OK  [0m] Listening on fsck to fsckd communication Socket.
[[0;32m  OK  [0m] Listening on Journal Socket.
         Starting Load Kernel Modules...
         Mounting POSIX Message Queue File System...
         Starting Monitoring of LVM2 mirrors…ng dmeventd or progress polling...
[   10.973287] Loading iSCSI transport class v2.0-870.
[   10.978178] iscsi: registered transport (tcp)
         Mounting Huge Pages File System...
         Starting Uncomplicated firewall...
         Starting Create list of required st…ce nodes for the current kernel...
         Starting File System Check on Root Device...
[[0;32m  OK  [0m] Started Forward Password Requests to Wall Directory Watch.
[   11.016517] iscsi: registered transport (iser)
         Starting Set the console keyboard layout...
[[0;32m  OK  [0m] Listening on Journal Socket (/dev/log).
         Starting Journal Service...
         Starting udev Coldplug all Devices...
         Mounting Kernel Debug File System...
[[0;32m  OK  [0m] Started Load Kernel Modules.
[[0;32m  OK  [0m] Mounted POSIX Message Queue File System.
[[0;32m  OK  [0m] Mounted Huge Pages File System.
[[0;32m  OK  [0m] Started Uncomplicated firewall.
[[0;32m  OK  [0m] Started Create list of required sta…vice nodes for the current kernel.
[[0;32m  OK  [0m] Mounted Kernel Debug File System.
[[0;32m  OK  [0m] Started File System Check Daemon to report status.
[[0;32m  OK  [0m] Started LVM2 metadata daemon.
         Starting Create Static Device Nodes in /dev...
         Starting Apply Kernel Variables...
         Mounting FUSE Control File System...
         Mounting Kernel Configuration File System...
[[0;32m  OK  [0m] Started Journal Service.
[[0;32m  OK  [0m] Started File System Check on Root Device.
[[0;32m  OK  [0m] Started udev Coldplug all Devices.
[[0;32m  OK  [0m] Started Create Static Device Nodes in /dev.
[[0;32m  OK  [0m] Started Monitoring of LVM2 mirrors,…sing dmeventd or progress polling.
[[0;32m  OK  [0m] Started Apply Kernel Variables.
[[0;32m  OK  [0m] Mounted FUSE Control File System.
[[0;32m  OK  [0m] Mounted Kernel Configuration File System.
         Starting Remount Root and Kernel File Systems...
[[0;32m  OK  [0m] Started Remount Root and Kernel File Systems.
         Starting Flush Journal to Persistent Storage...
         Starting Load/Save Random Seed...
         Starting udev Kernel Device Manager...
[[0;32m  OK  [0m] Started Load/Save Random Seed.
[[0;32m  OK  [0m] Started udev Kernel Device Manager.
[[0;32m  OK  [0m] Started Flush Journal to Persistent Storage.
[[0;32m  OK  [0m] Found device /dev/ttyS0.
[[0;32m  OK  [0m] Listening on Load/Save RF Kill Switch Status /dev/rfkill Watch.
[[0;32m  OK  [0m] Started Set the console keyboard layout.
[[0;32m  OK  [0m] Reached target Local File Systems (Pre).
[[0;32m  OK  [0m] Reached target Local File Systems.
         Starting Set console font and keymap...
         Starting Commit a transient machine-id on disk...
         Starting AppArmor initialization...
         Starting ebtables ruleset management...
         Starting Create Volatile Files and Directories...
         Starting Tell Plymouth To Write Out Runtime Data...
[[0;32m  OK  [0m] Started Dispatch Password Requests to Console Directory Watch.
[[0;32m  OK  [0m] Reached target Local Encrypted Volumes.
[[0;32m  OK  [0m] Started Set console font and keymap.
[[0;32m  OK  [0m] Started Create Volatile Files and Directories.
[[0;32m  OK  [0m] Started Commit a transient machine-id on disk.
         Starting Update UTMP about System Boot/Shutdown...
[[0;32m  OK  [0m] Started Tell Plymouth To Write Out Runtime Data.
[[0;32m  OK  [0m] Started Update UTMP about System Boot/Shutdown.
[[0;32m  OK  [0m] Started ebtables ruleset management.
[[0;32m  OK  [0m] Started AppArmor initialization.
         Starting Load AppArmor profiles managed internally by snapd...
         Starting Initial cloud-init job (pre-networking)...
[[0;32m  OK  [0m] Started Load AppArmor profiles managed internally by snapd.
[   13.479217] cloud-init[732]: Cloud-init v. 22.2-0ubuntu1~18.04.3 running 'init-local' at Sun, 23 Oct 2022 19:13:16 +0000. Up 13.17 seconds.
[[0;32m  OK  [0m] Started Initial cloud-init job (pre-networking).
[[0;32m  OK  [0m] Reached target Network (Pre).
         Starting Network Service...
[[0;32m  OK  [0m] Started Network Service.
         Starting Wait for Network to be Configured...
         Starting Network Name Resolution...
[[0;32m  OK  [0m] Started Network Name Resolution.
[[0;32m  OK  [0m] Reached target Host and Network Name Lookups.
[[0;32m  OK  [0m] Reached target Network.
[[0;32m  OK  [0m] Started Wait for Network to be Configured.
         Starting Initial cloud-init job (metadata service crawler)...
[   15.314212] cloud-init[823]: Cloud-init v. 22.2-0ubuntu1~18.04.3 running 'init' at Sun, 23 Oct 2022 19:13:18 +0000. Up 15.18 seconds.
[   15.324373] cloud-init[823]: ci-info: ++++++++++++++++++++++++++++++++++++++Net device info+++++++++++++++++++++++++++++++++++++++
[   15.336359] cloud-init[823]: ci-info: +--------+-------+----------------------------+---------------+--------+-------------------+
[   15.338005] cloud-init[823]: ci-info: | Device |   Up  |          Address           |      Mask     | Scope  |     Hw-Address    |
[   15.339697] cloud-init[823]: ci-info: +--------+-------+----------------------------+---------------+--------+-------------------+
[   15.341306] cloud-init[823]: ci-info: | enp0s3 |  True |         10.0.2.15          | 255.255.255.0 | global | 02:12:a5:46:f1:8c |
[   15.343143] cloud-init[823]: ci-info: | enp0s3 |  True | fe80::12:a5ff:fe46:f18c/64 |       .       |  link  | 02:12:a5:46:f1:8c |
[   15.360200] cloud-init[823]: ci-info: | enp0s8 | False |             .              |       .       |   .    | 08:00:27:b7:34:17 |
[   15.372294] cloud-init[823]: ci-info: |   lo   |  True |         127.0.0.1          |   255.0.0.0   |  host  |         .         |
[   15.374176] cloud-init[823]: ci-info: |   lo   |  True |          ::1/128           |       .       |  host  |         .         |
[   15.376100] cloud-init[823]: ci-info: +--------+-------+----------------------------+---------------+--------+-------------------+
[   15.377667] cloud-init[823]: ci-info: ++++++++++++++++++++++++++++Route IPv4 info+++++++++++++++++++++++++++++
[   15.379495] cloud-init[823]: ci-info: +-------+-------------+----------+-----------------+-----------+-------+
[   15.381425] cloud-init[823]: ci-info: | Route | Destination | Gateway  |     Genmask     | Interface | Flags |
[   15.383280] cloud-init[823]: ci-info: +-------+-------------+----------+-----------------+-----------+-------+
[   15.385042] cloud-init[823]: ci-info: |   0   |   0.0.0.0   | 10.0.2.2 |     0.0.0.0     |   enp0s3  |   UG  |
[   15.386848] cloud-init[823]: ci-info: |   1   |   10.0.2.0  | 0.0.0.0  |  255.255.255.0  |   enp0s3  |   U   |
[   15.388750] cloud-init[823]: ci-info: |   2   |   10.0.2.2  | 0.0.0.0  | 255.255.255.255 |   enp0s3  |   UH  |
[   15.390322] cloud-init[823]: ci-info: +-------+-------------+----------+-----------------+-----------+-------+
[   15.391667] cloud-init[823]: ci-info: +++++++++++++++++++Route IPv6 info+++++++++++++++++++
[   15.392967] cloud-init[823]: ci-info: +-------+-------------+---------+-----------+-------+
[   15.394195] cloud-init[823]: ci-info: | Route | Destination | Gateway | Interface | Flags |
[   15.395698] cloud-init[823]: ci-info: +-------+-------------+---------+-----------+-------+
[   15.397064] cloud-init[823]: ci-info: |   1   |  fe80::/64  |    ::   |   enp0s3  |   U   |
[   15.398614] cloud-init[823]: ci-info: |   3   |    local    |    ::   |   enp0s3  |   U   |
[   15.400346] cloud-init[823]: ci-info: |   4   |   ff00::/8  |    ::   |   enp0s3  |   U   |
[   15.401746] cloud-init[823]: ci-info: +-------+-------------+---------+-----------+-------+
[   15.981559] cloud-init[823]: Generating public/private rsa key pair.
[   15.982542] cloud-init[823]: Your identification has been saved in /etc/ssh/ssh_host_rsa_key.
[   15.983658] cloud-init[823]: Your public key has been saved in /etc/ssh/ssh_host_rsa_key.pub.
[   15.984869] cloud-init[823]: The key fingerprint is:
[   15.985417] cloud-init[823]: SHA256:uMvzXx7PXOc0I//F4JOrpR+X70/3haNm6wbt0QFvVxM root@ubuntu-bionic
[   15.986470] cloud-init[823]: The key's randomart image is:
[   15.987373] cloud-init[823]: +---[RSA 2048]----+
[   15.988290] cloud-init[823]: |               E.|
[   15.989066] cloud-init[823]: |            .  ..|
[   15.989804] cloud-init[823]: |             o  o|
[   15.990602] cloud-init[823]: |       .      + .|
[   15.991337] cloud-init[823]: |      . S  . o.o |
[   15.992159] cloud-init[823]: |       .  . o..=.|
[   15.992907] cloud-init[823]: |      .    oooO+@|
[   15.993691] cloud-init[823]: |     ...   o=Oo@X|
[   15.994469] cloud-init[823]: |      oo...=B+*oX|
[   15.995209] cloud-init[823]: +----[SHA256]-----+
[   15.996158] cloud-init[823]: Generating public/private dsa key pair.
[   15.997221] cloud-init[823]: Your identification has been saved in /etc/ssh/ssh_host_dsa_key.
[   15.998802] cloud-init[823]: Your public key has been saved in /etc/ssh/ssh_host_dsa_key.pub.
[   16.000420] cloud-init[823]: The key fingerprint is:
[   16.001315] cloud-init[823]: SHA256:QZNupztsSpBvkLeCzifq3aoYtZ/5mZAndqLvf+WKkaI root@ubuntu-bionic
[   16.002841] cloud-init[823]: The key's randomart image is:
[   16.003793] cloud-init[823]: +---[DSA 1024]----+
[   16.004587] cloud-init[823]: |        o.       |
[   16.005323] cloud-init[823]: |       ...       |
[   16.005900] cloud-init[823]: |       ..        |
[   16.006627] cloud-init[823]: |     o  o..      |
[   16.007353] cloud-init[823]: |  . = ..So       |
[   16.008103] cloud-init[823]: | . o * o. .      |
[   16.008827] cloud-init[823]: |. o O X. +       |
[   16.009546] cloud-init[823]: |.+o=o& =* .      |
[   16.010389] cloud-init[823]: |++EBB+B+.o       |
[   16.011185] cloud-init[823]: +----[SHA256]-----+
[   16.012242] cloud-init[823]: Generating public/private ecdsa key pair.
[   16.013269] cloud-init[823]: Your identification has been saved in /etc/ssh/ssh_host_ecdsa_key.
[   16.024736] cloud-init[823]: Your public key has been saved in /etc/ssh/ssh_host_ecdsa_key.pub.
[   16.026204] cloud-init[823]: The key fingerprint is:
[   16.026864] cloud-init[823]: SHA256:BreBHEztvpj9HPpES5NmkvuJMEc2YWoquYSVv92Bk4U root@ubuntu-bionic
[   16.027968] cloud-init[823]: The key's randomart image is:
[   16.041036] cloud-init[823]: +---[ECDSA 256]---+
[   16.041786] cloud-init[823]: |     oo.         |
[   16.042537] cloud-init[823]: |     ..o.        |
[   16.043281] cloud-init[823]: |      +.=        |
[   16.043902] cloud-init[823]: |   .   *.= .     |
[   16.044645] cloud-init[823]: |  o   E.S B      |
[   16.045379] cloud-init[823]: | o o o B.O o     |
[   16.046135] cloud-init[823]: |. + o *++.+      |
[[   16.056249] cloud-init[823]: | . o oo*oB o     |
[   16.056300] cloud-init[823]: |  . . . +o*      |
[   16.056873] cloud-init[823]: +----[SHA256]-----+
[   16.057438] cloud-init[823]: Generating public/private ed25519 key pair.
[   16.058000] cloud-init[823]: Your identification has been saved in /etc/ssh/ssh_host_ed25519_key.
[   16.058765] [0;32m  OK  [0mcloud-init] [823]: Started Initial cloud-init job (metadata service crawler).
Your public key has been saved in /etc/ssh/ssh_host_ed25519_key.pub.
[[0;32m  OK  [0m[   16.062683] cloud-init[823]: The key fingerprint is:
[   16.062899] cloud-init[823]: SHA256:jhKzri9YeR8yIUwwwVA6bq1C5JfoVQecqIyqTg/ql0M root@ubuntu-bionic
[   16.063487] cloud-init[823]: The key's randomart image is:
] [   16.064209] Reached target Cloud-config availability.
cloud-init[823]: +--[ED25519 256]--+
[[   16.064258] cloud-init[823]: |B+. o..          |
[   16.067260] cloud-init[823]: | +.. o.          |
[   16.067781] cloud-init[823]: |=+.  . .         |
[   16.069077] cloud-init[823]: |=+= + .          |
[   16.069260] cloud-init[823]: |.* Bo.  S        |
[   16.070548] cloud-init[823]: |= *E++.o         |
[   16.070680] cloud-init[823]: |oB..++...        |
[   16.071531] cloud-init[823]: |* += ..          |
[0;32m  OK  [0m] Reached target System Initialization.
[   16.071916] cloud-init[823]: |+oo=+            |
[   16.073872] cloud-init[823]: +----[SHA256]-----+
[[0;32m  OK  [0m] Started ACPI Events Check.
[[0;32m  OK  [0m] Started Daily Cleanup of Temporary Directories.
[[0;32m  OK  [0m] Listening on ACPID Listen Socket.
[[0;32m  OK  [0m] Listening on UUID daemon activation socket.
[[0;32m  OK  [0m] Listening on cloud-init hotplug hook socket.
[[0;32m  OK  [0m] Started Discard unused blocks once a week.
         Starting LXD - unix socket.
[[0;32m  OK  [0m] Started Ubuntu Advantage Timer for running repeated jobs.
[[0;32m  OK  [0m] Started Message of the Day.
[[0;32m  OK  [0m] Started Daily apt download activities.
[[0;32m  OK  [0m] Started Daily apt upgrade and clean activities.
[[0;32m  OK  [0m] Listening on Open-iSCSI iscsid Socket.
[[0;32m  OK  [0m] Reached target Paths.
         Starting Socket activation for snappy daemon.
[[0;32m  OK  [0m] Listening on D-Bus System Message Bus Socket.
[[0;32m  OK  [0m] Reached target Timers.
[[0;32m  OK  [0m] Reached target Network is Online.
[[0;32m  OK  [0m] Reached target Remote File Systems (Pre).
[[0;32m  OK  [0m] Reached target Remote File Systems.
         Starting Availability of block devices...
[[0;32m  OK  [0m] Listening on LXD - unix socket.
[[0;32m  OK  [0m] Listening on Socket activation for snappy daemon.
[[0;32m  OK  [0m] Reached target Sockets.
[[0;32m  OK  [0m] Reached target Basic System.
         Starting Virtualbox guest utils...
[[0;32m  OK  [0m] Started FUSE filesystem for LXC.
[[0;32m  OK  [0m] Started irqbalance daemon.
         Starting Pollinate to seed the pseudo random number generator...
[[0;32m  OK  [0m] Started D-Bus System Message Bus.
         Starting LSB: Record successful boot for GRUB...
[[0;32m  OK  [0m] Started Regular background program processing daemon.
         Starting System Logging Service...
         Starting Login Service...
         Starting Accounts Service...
[[0;32m  OK  [0m] Started Deferred execution scheduler.
         Starting Permit User Sessions...
         Starting LSB: automatic crash report generation...
         Starting Snap Daemon...
         Starting Dispatcher daemon for systemd-networkd...
         Starting LXD - container startup/shutdown...
[[0;32m  OK  [0m] Started System Logging Service.
[[0;32m  OK  [0m] Started Availability of block devices.
[[0;32m  OK  [0m] Started Permit User Sessions.
[[0;32m  OK  [0m] Started Login Service.
         Starting Authorization Manager...
[[0;32m  OK  [0m] Started Unattended Upgrades Shutdown.
         Starting Terminate Plymouth Boot Screen...
         Starting Hold until boot process finishes up...
[[0;32m  OK  [0m] Started Terminate Plymouth Boot Screen.
[[0;32m  OK  [0m] Started Hold until boot process finishes up.
         Starting Set console scheme...
[[0;32m  OK  [0m] Started Serial Getty on ttyS0.
[[0;32m  OK  [0m] Started Authorization Manager.
[[0;32m  OK  [0m] Started Accounts Service.
[[0;32m  OK  [0m] Started Set console scheme.
[[0;32m  OK  [0m] Created slice system-getty.slice.
[[0;32m  OK  [0m] Started Getty on tty1.
[[0;32m  OK  [0m] Reached target Login Prompts.
[[0;32m  OK  [0m] Started LSB: automatic crash report generation.
[[0;32m  OK  [0m] Started LXD - container startup/shutdown.
[[0;32m  OK  [0m] Started LSB: Record successful boot for GRUB.
[[0;32m  OK  [0m] Started Virtualbox guest utils.
[[0;32m  OK  [0m] Started Dispatcher daemon for systemd-networkd.
[[0;32m  OK  [0m] Started Snap Daemon.
         Starting Wait until snapd is fully seeded...
         Starting Time & Date Service...
[[0;32m  OK  [0m] Started Time & Date Service.
[[0;32m  OK  [0m] Started Pollinate to seed the pseudo random number generator.
         Starting OpenBSD Secure Shell server...
[[0;32m  OK  [0m] Started OpenBSD Secure Shell server.
[[0;32m  OK  [0m] Created slice User Slice of vagrant.
         Starting User Manager for UID 1000...
[[0;32m  OK  [0m] Started Session 1 of user vagrant.
[[0;32m  OK  [0m] Started User Manager for UID 1000.
[[0;32m  OK  [0m] Started Wait until snapd is fully seeded.
         Starting Apply the settings specified in cloud-config...
         Stopping User Manager for UID 1000...
[[0;32m  OK  [0m] Stopped User Manager for UID 1000.
[[0;32m  OK  [0m] Removed slice User Slice of vagrant.
[   20.972857] cloud-init[1587]: Cloud-init v. 22.2-0ubuntu1~18.04.3 running 'modules:config' at Sun, 23 Oct 2022 19:13:24 +0000. Up 20.52 seconds.
[[0;32m  OK  [0m] Created slice User Slice of vagrant.
         Starting User Manager for UID 1000...
[[0;32m  OK  [0m] Started Session 3 of user vagrant.
[[0;32m  OK  [0m] Started Apply the settings specified in cloud-config.
[[0;32m  OK  [0m] Reached target Multi-User System.
         Starting Execute cloud user/final scripts...
[[0;32m  OK  [0m] Reached target Graphical Interface.
         Starting Update UTMP about System Runlevel Changes...
[[0;32m  OK  [0m] Started User Manager for UID 1000.
[[0;32m  OK  [0m] Started Update UTMP about System Runlevel Changes.
ci-info: no authorized SSH keys fingerprints found for user ubuntu.
<14>Oct 23 19:13:25 cloud-init: #############################################################
<14>Oct 23 19:13:25 cloud-init: -----BEGIN SSH HOST KEY FINGERPRINTS-----
<14>Oct 23 19:13:25 cloud-init: 1024 SHA256:QZNupztsSpBvkLeCzifq3aoYtZ/5mZAndqLvf+WKkaI root@ubuntu-bionic (DSA)
<14>Oct 23 19:13:25 cloud-init: 256 SHA256:BreBHEztvpj9HPpES5NmkvuJMEc2YWoquYSVv92Bk4U root@ubuntu-bionic (ECDSA)
<14>Oct 23 19:13:25 cloud-init: 256 SHA256:jhKzri9YeR8yIUwwwVA6bq1C5JfoVQecqIyqTg/ql0M root@ubuntu-bionic (ED25519)
<14>Oct 23 19:13:25 cloud-init: 2048 SHA256:uMvzXx7PXOc0I//F4JOrpR+X70/3haNm6wbt0QFvVxM root@ubuntu-bionic (RSA)
<14>Oct 23 19:13:25 cloud-init: -----END SSH HOST KEY FINGERPRINTS-----
<14>Oct 23 19:13:25 cloud-init: #############################################################
-----BEGIN SSH HOST KEY KEYS-----
ecdsa-sha2-nistp256 AAAAE2VjZHNhLXNoYTItbmlzdHAyNTYAAAAIbmlzdHAyNTYAAABBBHWuXifmzAoiDDdJWXhpmSsh3vvseoGrS5GabLcyqJsW02aBEpIDMYuxkKcooQ8HG8onvvXXpQrBe9iFGuMEGyQ= root@ubuntu-bionic
ssh-ed25519 AAAAC3NzaC1lZDI1NTE5AAAAIJlGS1nlm3om0aqT6VXtosAQRgOurFhOO6O7NZGiTbab root@ubuntu-bionic
ssh-rsa AAAAB3NzaC1yc2EAAAADAQABAAABAQCfH/dFU0ICsqGUVtoMKpR1gE1+9IjKxoyIqmdtPJ2NRzcZSxJ+h69eYRb0cQ1WM1CnlfkTHvbmCu7ZM5+bv+bBKgVl8B0YLDTapiE3DJJRpSpaKZJ/3ekxsM6lvqqAXSUmmJuu5AMJUJFQUe+D1qYvKlrIo5lF0IE8OfYv1qNPf6EBGHhvK15gYtT4gXRmdL8FSkRbxAqlrAKK40OJdk3cZ2Ypz1JisTTtFLaKDGOBZKeIZBe/Pu3KTdjfmeo0IOKarfa+ItG/e7C5kC55hG5yXXNqIKfC+avwn6LJ9Tl+n/JIpevyArIlPm/dEMQMCoTYsxObcGnM3gZbCuBuZ/qd root@ubuntu-bionic
-----END SSH HOST KEY KEYS-----
[   21.659039] cloud-init[1777]: Cloud-init v. 22.2-0ubuntu1~18.04.3 running 'modules:final' at Sun, 23 Oct 2022 19:13:25 +0000. Up 21.49 seconds.
[   21.659722] cloud-init[1777]: Cloud-init v. 22.2-0ubuntu1~18.04.3 finished at Sun, 23 Oct 2022 19:13:25 +0000. Datasource DataSourceNoCloud [seed=/dev/sdb][dsmode=net].  Up 21.65 seconds

Ubuntu 18.04.6 LTS ubuntu-bionic ttyS0

ubuntu-bionic login: 